running egg_info
creating ../../build/orcahand_controller/orcahand_controller.egg-info
writing ../../build/orcahand_controller/orcahand_controller.egg-info/PKG-INFO
writing dependency_links to ../../build/orcahand_controller/orcahand_controller.egg-info/dependency_links.txt
writing entry points to ../../build/orcahand_controller/orcahand_controller.egg-info/entry_points.txt
writing requirements to ../../build/orcahand_controller/orcahand_controller.egg-info/requires.txt
writing top-level names to ../../build/orcahand_controller/orcahand_controller.egg-info/top_level.txt
writing manifest file '../../build/orcahand_controller/orcahand_controller.egg-info/SOURCES.txt'
reading manifest file '../../build/orcahand_controller/orcahand_controller.egg-info/SOURCES.txt'
writing manifest file '../../build/orcahand_controller/orcahand_controller.egg-info/SOURCES.txt'
running build
running build_py
creating /home/xingyi/ros2_orcahand/ros2_orcahand_ws/build/orcahand_controller/build
creating /home/xingyi/ros2_orcahand/ros2_orcahand_ws/build/orcahand_controller/build/lib
creating /home/xingyi/ros2_orcahand/ros2_orcahand_ws/build/orcahand_controller/build/lib/orcahand_controller
copying orcahand_controller/orcahand_controller.py -> /home/xingyi/ros2_orcahand/ros2_orcahand_ws/build/orcahand_controller/build/lib/orcahand_controller
copying orcahand_controller/__init__.py -> /home/xingyi/ros2_orcahand/ros2_orcahand_ws/build/orcahand_controller/build/lib/orcahand_controller
running install
running install_lib
creating /home/xingyi/ros2_orcahand/ros2_orcahand_ws/install/orcahand_controller/lib/python3.10/site-packages/orcahand_controller
copying /home/xingyi/ros2_orcahand/ros2_orcahand_ws/build/orcahand_controller/build/lib/orcahand_controller/orcahand_controller.py -> /home/xingyi/ros2_orcahand/ros2_orcahand_ws/install/orcahand_controller/lib/python3.10/site-packages/orcahand_controller
copying /home/xingyi/ros2_orcahand/ros2_orcahand_ws/build/orcahand_controller/build/lib/orcahand_controller/__init__.py -> /home/xingyi/ros2_orcahand/ros2_orcahand_ws/install/orcahand_controller/lib/python3.10/site-packages/orcahand_controller
byte-compiling /home/xingyi/ros2_orcahand/ros2_orcahand_ws/install/orcahand_controller/lib/python3.10/site-packages/orcahand_controller/orcahand_controller.py to orcahand_controller.cpython-310.pyc
byte-compiling /home/xingyi/ros2_orcahand/ros2_orcahand_ws/install/orcahand_controller/lib/python3.10/site-packages/orcahand_controller/__init__.py to __init__.cpython-310.pyc
running install_data
creating /home/xingyi/ros2_orcahand/ros2_orcahand_ws/install/orcahand_controller/share/ament_index
creating /home/xingyi/ros2_orcahand/ros2_orcahand_ws/install/orcahand_controller/share/ament_index/resource_index
creating /home/xingyi/ros2_orcahand/ros2_orcahand_ws/install/orcahand_controller/share/ament_index/resource_index/packages
copying resource/orcahand_controller -> /home/xingyi/ros2_orcahand/ros2_orcahand_ws/install/orcahand_controller/share/ament_index/resource_index/packages
copying package.xml -> /home/xingyi/ros2_orcahand/ros2_orcahand_ws/install/orcahand_controller/share/orcahand_controller
running install_egg_info
Copying ../../build/orcahand_controller/orcahand_controller.egg-info to /home/xingyi/ros2_orcahand/ros2_orcahand_ws/install/orcahand_controller/lib/python3.10/site-packages/orcahand_controller-0.0.0-py3.10.egg-info
running install_scripts
writing list of installed files to '/home/xingyi/ros2_orcahand/ros2_orcahand_ws/build/orcahand_controller/install.log'
