/home/xingyi/ros2_orcahand/ros2_orcahand_ws/install/orca_core/lib/python3.10/site-packages/orca_core/__init__.py
/home/xingyi/ros2_orcahand/ros2_orcahand_ws/install/orca_core/lib/python3.10/site-packages/orca_core/core.py
/home/xingyi/ros2_orcahand/ros2_orcahand_ws/install/orca_core/lib/python3.10/site-packages/orca_core/hardware/mock_dynamixel_client.py
/home/xingyi/ros2_orcahand/ros2_orcahand_ws/install/orca_core/lib/python3.10/site-packages/orca_core/hardware/__init__.py
/home/xingyi/ros2_orcahand/ros2_orcahand_ws/install/orca_core/lib/python3.10/site-packages/orca_core/hardware/dynamixel_client.py
/home/xingyi/ros2_orcahand/ros2_orcahand_ws/install/orca_core/lib/python3.10/site-packages/orca_core/api/api.py
/home/xingyi/ros2_orcahand/ros2_orcahand_ws/install/orca_core/lib/python3.10/site-packages/orca_core/api/__init__.py
/home/xingyi/ros2_orcahand/ros2_orcahand_ws/install/orca_core/lib/python3.10/site-packages/orca_core/utils/__init__.py
/home/xingyi/ros2_orcahand/ros2_orcahand_ws/install/orca_core/lib/python3.10/site-packages/orca_core/utils/utils.py
/home/xingyi/ros2_orcahand/ros2_orcahand_ws/install/orca_core/lib/python3.10/site-packages/orca_core/__pycache__/__init__.cpython-310.pyc
/home/xingyi/ros2_orcahand/ros2_orcahand_ws/install/orca_core/lib/python3.10/site-packages/orca_core/__pycache__/core.cpython-310.pyc
/home/xingyi/ros2_orcahand/ros2_orcahand_ws/install/orca_core/lib/python3.10/site-packages/orca_core/hardware/__pycache__/mock_dynamixel_client.cpython-310.pyc
/home/xingyi/ros2_orcahand/ros2_orcahand_ws/install/orca_core/lib/python3.10/site-packages/orca_core/hardware/__pycache__/__init__.cpython-310.pyc
/home/xingyi/ros2_orcahand/ros2_orcahand_ws/install/orca_core/lib/python3.10/site-packages/orca_core/hardware/__pycache__/dynamixel_client.cpython-310.pyc
/home/xingyi/ros2_orcahand/ros2_orcahand_ws/install/orca_core/lib/python3.10/site-packages/orca_core/api/__pycache__/api.cpython-310.pyc
/home/xingyi/ros2_orcahand/ros2_orcahand_ws/install/orca_core/lib/python3.10/site-packages/orca_core/api/__pycache__/__init__.cpython-310.pyc
/home/xingyi/ros2_orcahand/ros2_orcahand_ws/install/orca_core/lib/python3.10/site-packages/orca_core/utils/__pycache__/__init__.cpython-310.pyc
/home/xingyi/ros2_orcahand/ros2_orcahand_ws/install/orca_core/lib/python3.10/site-packages/orca_core/utils/__pycache__/utils.cpython-310.pyc
/home/xingyi/ros2_orcahand/ros2_orcahand_ws/install/orca_core/share/ament_index/resource_index/packages/orca_core
/home/xingyi/ros2_orcahand/ros2_orcahand_ws/install/orca_core/share/orca_core/package.xml
/home/xingyi/ros2_orcahand/ros2_orcahand_ws/install/orca_core/lib/python3.10/site-packages/orca_core-0.1.0-py3.10.egg-info/dependency_links.txt
/home/xingyi/ros2_orcahand/ros2_orcahand_ws/install/orca_core/lib/python3.10/site-packages/orca_core-0.1.0-py3.10.egg-info/requires.txt
/home/xingyi/ros2_orcahand/ros2_orcahand_ws/install/orca_core/lib/python3.10/site-packages/orca_core-0.1.0-py3.10.egg-info/zip-safe
/home/xingyi/ros2_orcahand/ros2_orcahand_ws/install/orca_core/lib/python3.10/site-packages/orca_core-0.1.0-py3.10.egg-info/entry_points.txt
/home/xingyi/ros2_orcahand/ros2_orcahand_ws/install/orca_core/lib/python3.10/site-packages/orca_core-0.1.0-py3.10.egg-info/top_level.txt
/home/xingyi/ros2_orcahand/ros2_orcahand_ws/install/orca_core/lib/python3.10/site-packages/orca_core-0.1.0-py3.10.egg-info/SOURCES.txt
/home/xingyi/ros2_orcahand/ros2_orcahand_ws/install/orca_core/lib/python3.10/site-packages/orca_core-0.1.0-py3.10.egg-info/PKG-INFO
